
====================================================================================================================================
API_PDS001MI_Add	2026-03-20 2:25:45 PM   / Default UI Settings:  CONO: 100 /DIV: ---
====================================================================================================================================
Row 4 - NOK-Product CSB15011 already exists
Row 5 - NOK-Product CSB15021 already exists
Row 6 - NOK-Product CSM10010 already exists
Row 7 - NOK-Product CSM10010 already exists
Row 8 - NOK-Product CSM10010 already exists
Row 9 - NOK-Product DP15003 already exists
Row 10 - NOK-Product DP15003 already exists
Row 11 - NOK-Product DP300044A already exists
Row 12 - NOK-Product CPM10010 already exists
Row 13 - NOK-Product CPM10010 already exists
Row 14 - NOK-Product CR30102 already exists
Row 15 - NOK-Product CR30103 already exists
Row 16 - NOK-Product CR30103 already exists
Row 17 - NOK-Product CR30207 already exists
Row 18 - NOK-Product CR30208 already exists
Row 19 - NOK-Product CR30501 already exists
Row 20 - NOK-Product CPM03711 already exists
Row 21 - NOK-Product CPM03711 already exists
Row 22 - NOK-Product CR30112 already exists
Row 23 - NOK-Product CR30301 already exists
Row 24 - NOK-Product CR30401 already exists
Row 25 - NOK-Product CR30401 already exists
Row 26 - NOK-Product CSM05015 already exists
Row 27 - NOK-Product CSM05015 already exists
Row 28 - NOK-Product CR30111 already exists
Row 29 - NOK-Product CR60115 already exists
Row 30 - NOK-Product CSM07516 already exists
Row 31 - NOK-Product DP300073 already exists
Row 32 - NOK-Product DP30015 already exists
Row 33 - NOK-Product DP30015 already exists
Row 34 - NOK-Product DP400142 already exists
Row 35 - NOK-Product DP40016 already exists
Row 36 - NOK-Product AP37501 already exists
Row 37 - NOK-Product AP37501 already exists
Row 38 - NOK-Product AP37501-ZZ already exists
Row 39 - NOK-Product CPM15011 already exists
Row 40 - NOK-Product CPM15011 already exists
Row 41 - NOK-Product CR40104 already exists
Row 42 - NOK-Product CR60101 already exists
Row 43 - NOK-Product CR60101 already exists
Row 44 - NOK-Product CPM07510 already exists
Row 45 - NOK-Product CPM07510 already exists
Row 46 - NOK-Product CR30101 already exists
Row 47 - NOK-Product CR30101 already exists
Row 48 - NOK-Product CR30101 already exists
Row 49 - NOK-Product CR30103S already exists
Row 50 - NOK-Product CR30204 already exists
Row 51 - NOK-Product CR40102 already exists
Row 52 - NOK-Product CPK15011C already exists
Row 53 - NOK-Product CPK15011D already exists
Row 54 - NOK-Product CR30113 already exists
Row 55 - NOK-Product CSB05011 already exists
Row 56 - NOK-Product CSB15012 already exists
Row 57 - NOK-Product CSM15010 already exists
Row 58 - NOK-Product CSM15010 already exists
Row 59 - NOK-Product CSM15010 already exists
Row 60 - NOK-Product CPM07511 already exists
Row 61 - NOK-Product CPM07511 already exists
Row 62 - NOK-Product CR40110 already exists
Row 63 - NOK-Product CSB15013 already exists
Row 64 - NOK-Product CSM05011 already exists
Row 65 - NOK-Product CSM05011 already exists
Row 66 - NOK-Product CSM05011 already exists
Row 67 - NOK-Product DP15002 already exists
Row 68 - NOK-Product AP32508 already exists
Row 69 - NOK-Product AP32508 already exists
Row 70 - NOK-Product AP32508-2P already exists
Row 71 - NOK-Product AP32508-2P already exists
Row 72 - NOK-Product CPB03711 already exists
Row 73 - NOK-Product CPB03711 already exists
Row 74 - NOK-Product CPK15011 already exists
Row 75 - NOK-Product CPM10011 already exists
Row 76 - NOK-Product CSB10011 already exists
Row 77 - NOK-Product CSB15001 already exists
Row 78 - NOK-Product CSM03711 already exists
Row 79 - NOK-Product CSM03711 already exists
Row 80 - NOK-Product CSM03711 already exists
Row 81 - NOK-Product CSM10011 already exists
Row 82 - NOK-Product CSM10011 already exists
Row 83 - NOK-Product CSM10011 already exists
Row 84 - NOK-Product CPK15011E already exists
Row 85 - NOK-Product CR30105 already exists
Row 86 - NOK-Product CR30105 already exists
Row 87 - NOK-Product CR30105 already exists
Row 88 - NOK-Product CR30105S already exists
Row 89 - NOK-Product CR30211 already exists
Row 90 - NOK-Product DP15009 already exists
Row 91 - NOK-Product DP15009 already exists
Row 92 - NOK-Product CSM07511 already exists
Row 93 - NOK-Product CSM07511 already exists
Row 94 - NOK-Product CSM07511 already exists
Row 95 - NOK-Product CSM07531 already exists
Row 96 - NOK-Product DP20001 already exists
Row 97 - NOK-Product DP20001 already exists
Row 98 - NOK-Status 20 is invalid
Row 99 - NOK-Product DP400118A already exists
Row 100 - NOK-Product DP40016 already exists
Row 101 - NOK-Product HML075CW1 already exists
Row 102 - NOK-Product HML100CW1 already exists
Row 103 - NOK-Item number IC30206W-0219 does not exist
Row 104 - NOK-Product IML30206010203 already exists
Row 105 - NOK-Product IML30206010205 already exists
Row 106 - NOK-Product IML40908010301A already exists
Row 107 - NOK-Product IML40932010501 already exists
Row 108 - NOK-Product CPM05010 already exists
Row 109 - NOK-Product CPM05011 already exists
Row 110 - NOK-Product CPM05011 already exists
Row 111 - NOK-Product CR30209 already exists
Row 112 - NOK-Product CSM07521 already exists
Row 113 - NOK-Product DP30014 already exists
Row 114 - NOK-Product DP30014 already exists
Row 115 - NOK-Product DP40006 already exists
Row 116 - NOK-Product CSM15011 already exists
Row 117 - NOK-Product CSM15011 already exists
Row 118 - NOK-Product CSM15011 already exists
Row 119 - NOK-Product DP14001 already exists
Row 120 - NOK-Product DP14001 already exists
Row 121 - NOK-Product DP300046D already exists
Row 122 - NOK-Product DP300062 already exists
Row 123 - NOK-Product DP300063 already exists
Row 124 - NOK-Product CR40102 already exists
Row 125 - NOK-Product CR40105 already exists
Row 126 - NOK-Product CR60116 already exists
Row 127 - NOK-Product CR60122 already exists
Row 128 - NOK-Product CSB03711 already exists
Row 129 - NOK-Product CSB07510 already exists
Row 130 - NOK-Product CSB07511 already exists
Row 131 - NOK-Product CSM05010 already exists
Row 132 - NOK-Product CPB05011 already exists
Row 133 - NOK-Product CPB05011 already exists
Row 134 - NOK-Product CR60119 already exists
Row 135 - NOK-Product CSM07514 already exists
Row 136 - NOK-Product CSM07514 already exists
Row 137 - NOK-Product CSM10014 already exists
Row 138 - NOK-Product CSM10014 already exists
Row 139 - NOK-Product DP300048B already exists
Row 140 - NOK-Product DP300051A already exists
Row 141 - NOK-Product DP300074 already exists
Row 142 - NOK-Product DP400131 already exists
Row 143 - NOK-Product DP400132 already exists
Row 144 - NOK-Product DP40015 already exists
Row 145 - NOK-Product DP40015 already exists
Row 146 - NOK-Product DPC30011 already exists
Row 147 - NOK-Product DPC30011 already exists
Row 148 - NOK-Product DP300064A already exists
Row 149 - NOK-Product DP400130 already exists
Row 150 - NOK-Product DTFO-100-10B already exists
Row 151 - NOK-Product GSB035TA already exists
Row 152 - NOK-Item number IC30206W-0217 does not exist
Row 153 - NOK-Product IML30206010212 already exists
Row 154 - NOK-Product IML40900010204 already exists
Row 155 - NOK-Product IML40900010213 already exists
Row 156 - NOK-Product DP15002 already exists
Row 157 - NOK-Product DP300052A already exists
Row 158 - NOK-Product DP300071 already exists
Row 159 - NOK-Product DP30012 already exists
Row 160 - NOK-Product DP30012 already exists
Row 161 - NOK-Product DP400099B already exists
Row 162 - NOK-Product DPB27511 already exists
Row 163 - NOK-Product DPB27511 already exists
Row 164 - NOK-Product CPM10011 already exists
Row 165 - NOK-Product CPM15010 already exists
Row 166 - NOK-Product CSB10010 already exists
Row 167 - NOK-Product CSM07510 already exists
Row 168 - NOK-Product CSM07510 already exists
Row 169 - NOK-Product CSM10012 already exists
Row 170 - NOK-Product DP600018A already exists
Row 171 - NOK-Product DPB40020 already exists
Row 172 - NOK-Product DP300051C already exists
Row 173 - NOK-Product DP400115 already exists
Row 174 - NOK-Product DP400116 already exists
Row 175 - NOK-Product DP400122A already exists
Row 176 - NOK-Product DP400125 already exists
Row 177 - NOK-Product DP400133A already exists
Row 178 - NOK-Product IM40908010001 already exists
Row 179 - NOK-Product IML30206010208 already exists
Row 180 - NOK-Product DP15004 already exists
Row 181 - NOK-Product DP15004 already exists
Row 182 - NOK-Product DP20002 already exists
Row 183 - NOK-Product DP20002 already exists
Row 184 - NOK-Product DP20003 already exists
Row 185 - NOK-Product DP20003 already exists
Row 186 - NOK-Product DP300047B already exists
Row 187 - NOK-Item number DP300047C does not exist
Row 188 - NOK-Product DP400137 already exists
Row 189 - NOK-Product DP400140 already exists
Row 190 - NOK-Product DP400141 already exists
Row 191 - NOK-Product DPC40010 already exists
Row 192 - NOK-Product DPC40010 already exists
Row 193 - NOK-Product IML30206010201 already exists
Row 194 - NOK-Product IML30206010210 already exists
Row 195 - NOK-Product IML40900010216 already exists
Row 196 - NOK-Item number K26YE4-284571A does not exist
Row 197 - NOK-Item number KMC103MW137IP does not exist
Row 198 - NOK-Product LD12511A already exists
Row 199 - NOK-Product LD15010A already exists
Row 200 - NOK-Product LD20010B already exists
Row 201 - NOK-Product MTB3160W5A already exists
Row 202 - NOK-Product MTB3265N5 already exists
Row 203 - NOK-Product MTB3300W5 already exists
Row 204 - NOK-Product DP40006 already exists
Row 205 - NOK-Product DP400120A already exists
Row 206 - NOK-Product DP400143 already exists
Row 207 - NOK-Product DP600017A already exists
Row 208 - NOK-Product DPC40012 already exists
Row 209 - NOK-Product DPC40012 already exists
Row 210 - NOK-Product HML100CW2 already exists
Row 211 - NOK-Item number IC30206W-0216 does not exist
Row 212 - NOK-Product DP30016 already exists
Row 213 - NOK-Product DP30016 already exists
Row 214 - NOK-Product DP400132A already exists
Row 215 - NOK-Product DP400134A already exists
Row 216 - NOK-Product DP400138 already exists
Row 217 - NOK-Product DPM27510 already exists
Row 218 - NOK-Product DPM27510 already exists
Row 219 - NOK-Product IML30206010213 already exists
Row 220 - NOK-Product CSM05010 already exists
Row 221 - NOK-Product CSM07515 already exists
Row 222 - NOK-Product CSM07515 already exists
Row 223 - NOK-Product CSM07515 already exists
Row 224 - NOK-Product DP20005 already exists
Row 225 - NOK-Product DP20005 already exists
Row 226 - NOK-Product DP275018 already exists
Row 227 - NOK-Product DP300070 already exists
Row 228 - NOK-Product DP300072 already exists
Row 229 - NOK-Item number DP35010 does not exist
Row 230 - NOK-Product DP400117 already exists
Row 231 - NOK-Product DP400126 already exists
Row 232 - NOK-Product DPB40011 already exists
Row 233 - NOK-Product DPB40011 already exists
Row 234 - NOK-Product DPC60011 already exists
Row 235 - NOK-Product DTFB-100-10D already exists
Row 236 - NOK-Product IML40916010206 already exists
Row 237 - NOK-Product IML40916010208 already exists
Row 238 - NOK-Product IML40924010201A already exists
Row 239 - NOK-Product MTB10250B5 already exists
Row 240 - NOK-Product MTB10300B5 already exists
Row 241 - NOK-Product MTB31125W5 already exists
Row 242 - NOK-Product MTB3145B2C2 already exists
Row 243 - NOK-Product MTB3200B5 already exists
Row 244 - NOK-Product DPM60011 already exists
Row 245 - NOK-Product DPM60011 already exists
Row 246 - NOK-Product IML40908010201A already exists
Row 247 - NOK-Product IML40908010204 already exists
Row 248 - NOK-Product IML40916010202A already exists
Row 249 - NOK-Product LD10011A already exists
Row 250 - NOK-Product MTB10170PB3 already exists
Row 251 - NOK-Product MTB3225B5 already exists
Row 252 - NOK-Product DTFO-100-10A already exists
Row 253 - NOK-Item number IC30206W-0215 does not exist
Row 254 - NOK-Product IML30206010206 already exists
Row 255 - NOK-Product IML40916010209 already exists
Row 256 - NOK-Product IML40916010213 already exists
Row 257 - NOK-Product IML40916010214 already exists
Row 258 - NOK-Product IML40916010403 already exists
Row 259 - NOK-Item number K26SI7-15661BS does not exist
Row 260 - NOK-Product DPB40020 already exists
Row 261 - NOK-Product DPM12510 already exists
Row 262 - NOK-Product DPM12510 already exists
Row 263 - NOK-Product DPM12511 already exists
Row 264 - NOK-Product GSM035TA already exists
Row 265 - NOK-Product IM40900010001 already exists
Row 266 - NOK-Product IML30206010209 already exists
Row 267 - NOK-Product IML40900010202 already exists
Row 268 - NOK-Product IML30206010214 already exists
Row 269 - NOK-Product IML40916010204 already exists
Row 270 - NOK-Product K26SI7 already exists
Row 271 - NOK-Item number K26YE4-440103A does not exist
Row 272 - NOK-Product LDB15010A already exists
Row 273 - NOK-Product MTB10200PB3 already exists
Row 274 - NOK-Product MTB10300N5 already exists
Row 275 - NOK-Product MTB3265W5 already exists
Row 276 - NOK-Product IML30206010204 already exists
Row 277 - NOK-Product IML40900010201A already exists
Row 278 - NOK-Product IML40900010212 already exists
Row 279 - NOK-Product IML40900010501 already exists
Row 280 - NOK-Product IML40916010301A already exists
Row 281 - NOK-Product IML40924010211 already exists
Row 282 - NOK-Product IML40924010212 already exists
Row 283 - NOK-Product IML40932010502 already exists
Row 284 - NOK-Product IML40900010206 already exists
Row 285 - NOK-Product IML40900010210 already exists
Row 286 - NOK-Product IML40916010402 already exists
Row 287 - NOK-Product IML40924010209 already exists
Row 288 - NOK-Product JU00609 already exists
Row 289 - NOK-Item number K26SI7-15661BSS does not exist
Row 290 - NOK-Product MTB10250W5 already exists
Row 291 - NOK-Product MTB31125N5 already exists
Row 292 - NOK-Product DP300075 already exists
Row 293 - NOK-Product DP400119 already exists
Row 294 - NOK-Product DPB12511 already exists
Row 295 - NOK-Product DPB12511 already exists
Row 296 - NOK-Product DPC60010 already exists
Row 297 - NOK-Product DPC60010 already exists
Row 298 - NOK-Product IML30206010207 already exists
Row 299 - NOK-Product IML40900010203 already exists
Row 300 - NOK-Product DP400124 already exists
Row 301 - NOK-Product IC30206W already exists
Row 302 - NOK-Product IML40900010217 already exists
Row 303 - NOK-Product IML40908010202A already exists
Row 304 - NOK-Product IML40916010207 already exists
Row 305 - NOK-Product IML40924010217 already exists
Row 306 - NOK-Product JU00301 already exists
Row 307 - NOK-Product JU00408 already exists
Row 308 - NOK-Item number K26SI7SR does not exist
Row 309 - NOK-Item number K26YE4-284571AS does not exist
Row 310 - NOK-Item number K26YZ6 does not exist
Row 311 - NOK-Item number K26YZ6-000001A does not exist
Row 312 - NOK-Product LDB10010A already exists
Row 313 - NOK-Product MTB10150N5 already exists
Row 314 - NOK-Product MTB3145W5 already exists
Row 315 - NOK-Product MTB3200N5 already exists
Row 316 - NOK-Item number IC30206W-0218 does not exist
Row 317 - NOK-Product IM40932010001 already exists
Row 318 - NOK-Product IML30206010202 already exists
Row 319 - NOK-Product IML30206010211 already exists
Row 320 - NOK-Product IML40900010207 already exists
Row 321 - NOK-Product JU00407 already exists
Row 322 - NOK-Item number K26YE4-000001E does not exist
Row 323 - NOK-Item number K26YE4-000002E does not exist
Row 324 - NOK-Product MTB3200W5 already exists
Row 325 - NOK-Product MTB3225W5 already exists
Row 326 - NOK-Product MTBP3160W3A already exists
Row 327 - NOK-Product MTM10200B5 already exists
Row 328 - NOK-Product NPPD10011-006A already exists
Row 329 - NOK-Product NPPD10011-013 already exists
Row 330 - NOK-Product PG60259A already exists
Row 331 - NOK-Product PG60259A already exists
Row 332 - NOK-Product MTB5150W6 already exists
Row 333 - NOK-Product MTBP10250W3 already exists
Row 334 - NOK-Product MTBP10300W3 already exists
Row 335 - NOK-Product MTBP3225W3 already exists
Row 336 - NOK-Product MTM10200W5 already exists
Row 337 - NOK-Product NPPD10011-002A already exists
Row 338 - NOK-Product NPPD10011-018 already exists
Row 339 - NOK-Product NPPD10012 already exists
Row 340 - NOK-Product MTB5200W6 already exists
Row 341 - NOK-Product MTM3160B5A already exists
Row 342 - NOK-Product NPPD10011-007A already exists
Row 343 - NOK-Product PG60259 already exists
Row 344 - NOK-Product PG60259 already exists
Row 345 - NOK-Product RDL14 already exists
Row 346 - NOK-Product RDLF25 already exists
Row 347 - NOK-Product RDMTP3 already exists
Row 348 - NOK-Product IML40900010209 already exists
Row 349 - NOK-Product IML40900010211 already exists
Row 350 - NOK-Product IML40900010215 already exists
Row 351 - NOK-Product IML40916010215 already exists
Row 352 - NOK-Product JU00409NZ already exists
Row 353 - NOK-Item number K26Y10-000001C does not exist
Row 354 - NOK-Item number K26Y10-000002C does not exist
Row 355 - NOK-Product MTB10200W5 already exists
Row 356 - NOK-Product MTB3265B5 already exists
Row 357 - NOK-Product MTBP10150N3 already exists
Row 358 - NOK-Product MTBP10150W3 already exists
Row 359 - NOK-Product MTBP10200W3 already exists
Row 360 - NOK-Product MTBP3145W3 already exists
Row 361 - NOK-Product MTBP3265B3 already exists
Row 362 - NOK-Product MTBP5150B3 already exists
Row 363 - NOK-Product MTM3200B5 already exists
Row 364 - NOK-Product IML40900010205 already exists
Row 365 - NOK-Product IML40900010208 already exists
Row 366 - NOK-Product IML40900010214 already exists
Row 367 - NOK-Product IML40916010201A already exists
Row 368 - NOK-Product IML40916010203 already exists
Row 369 - NOK-Product IML40916010205 already exists
Row 370 - NOK-Product IML40916010212 already exists
Row 371 - NOK-Product IML40916010216 already exists
Row 372 - NOK-Product KHCC35010 already exists
Row 373 - NOK-Product LD07011 already exists
Row 374 - NOK-Product MTB10200B5 already exists
Row 375 - NOK-Product MTB10350N5 already exists
Row 376 - NOK-Product MTB3145B5 already exists
Row 377 - NOK-Product MTB5185PN5 already exists
Row 378 - NOK-Product MTB5200N6 already exists
Row 379 - NOK-Product MTBP3300W3 already exists
Row 380 - NOK-Product MTB5250N6 already exists
Row 381 - NOK-Product NPPD10012-009 already exists
Row 382 - NOK-Product RDL08 already exists
Row 383 - NOK-Product RDL17 already exists
Row 384 - NOK-Product RDL53 already exists
Row 385 - NOK-Product RDL55 already exists
Row 386 - NOK-Product SH0244320 already exists
Row 387 - NOK-Product SH03106 already exists
Row 388 - NOK-Item number K26Y10 does not exist
Row 389 - NOK-Product K26YE4 already exists
Row 390 - NOK-Item number K26YZ6-000002A does not exist
Row 391 - NOK-Product LD15011A already exists
Row 392 - NOK-Product LDBC20011B already exists
Row 393 - NOK-Product MTB5200B6 already exists
Row 394 - NOK-Product MTBP10200B3 already exists
Row 395 - NOK-Product NPPD10011-025 already exists
Row 396 - NOK-Product PG60259B already exists
Row 397 - NOK-Product PG60259B already exists
Row 398 - NOK-Product RDL42 already exists
Row 399 - NOK-Product RDLIML1 already exists
Row 400 - NOK-Product RRC930WHTA already exists
Row 401 - NOK-Product RS97534L already exists
Row 402 - NOK-Item number RSP97309L does not exist
Row 403 - NOK-Item number RSP97552L does not exist
Row 404 - NOK-Product IML40900010301A already exists
Row 405 - NOK-Product IML40916010210 already exists
Row 406 - NOK-Product IML40924010210 already exists
Row 407 - NOK-Product IML40924010301A already exists
Row 408 - NOK-Product LDB15011A already exists
Row 409 - NOK-Product MTB10350B5 already exists
Row 410 - NOK-Product MTB3160N5A already exists
Row 411 - NOK-Product MTB3300B5 already exists
Row 412 - NOK-Product RDWPUC01 already exists
Row 413 - NOK-Item number RSP97310L does not exist
Row 414 - NOK-Product SH02507 already exists
Row 415 - NOK-Product SH02703 already exists
Row 416 - NOK-Product SH02802 already exists
Row 417 - NOK-Product SH02802 already exists
Row 418 - NOK-Product SH02903 already exists
Row 419 - NOK-Product SH02903 already exists
Row 420 - NOK-Product NPPD10011 already exists
Row 421 - NOK-Product NPPD10011-016A already exists
Row 422 - NOK-Product NPPD10011-017 already exists
Row 423 - NOK-Product RDL09 already exists
Row 424 - NOK-Item number RSP97302L does not exist
Row 425 - NOK-Item number RSP97311L does not exist
Row 426 - NOK-Product SH0245620 already exists
Row 427 - NOK-Product SH02705 already exists
Row 428 - NOK-Product MTB5250W6 already exists
Row 429 - NOK-Product MTBP10250B3 already exists
Row 430 - NOK-Product MTBP10250N3 already exists
Row 431 - NOK-Product MTBP3225B3 already exists
Row 432 - NOK-Product MTBP5250B3 already exists
Row 433 - NOK-Product NPPD10011-008A already exists
Row 434 - NOK-Product NPPD10011-015 already exists
Row 435 - NOK-Product RDL06 already exists
Row 436 - NOK-Product LD10010A already exists
Row 437 - NOK-Product LD12510A already exists
Row 438 - NOK-Product MTB10150B5 already exists
Row 439 - NOK-Product MTB31125B5 already exists
Row 440 - NOK-Product MTB3160B5A already exists
Row 441 - NOK-Product MTB3225N5 already exists
Row 442 - NOK-Product MTBP53125B3 already exists
Row 443 - NOK-Product MTM5250W6 already exists
Row 444 - NOK-Product MTM10200N5 already exists
Row 445 - NOK-Product NPPD10011-001 already exists
Row 446 - NOK-Product NPPD10011-010A already exists
Row 447 - NOK-Product RDL22 already exists
Row 448 - NOK-Product RDWPOD01 already exists
Row 449 - NOK-Product RDWSPT01 already exists
Row 450 - NOK-Product RRC930WHTB already exists
Row 451 - NOK-Item number RSP97316L does not exist
Row 452 - NOK-Product MTB5150B6 already exists
Row 453 - NOK-Product MTB5250B6 already exists
Row 454 - NOK-Product MTBP3160B3A already exists
Row 455 - NOK-Product MTBP3200B3 already exists
Row 456 - NOK-Product MTBP3200W3 already exists
Row 457 - NOK-Product NPPD10011-011 already exists
Row 458 - NOK-Product NPPD10011-014 already exists
Row 459 - NOK-Product NPPD10011-026 already exists
Row 460 - NOK-Product RDL41 already exists
Row 461 - NOK-Status 20 is invalid
Row 462 - NOK-Product RS97519L already exists
Row 463 - NOK-Product RSP97308L already exists
Row 464 - NOK-Item number RSP97320L does not exist
Row 465 - NOK-Product SH02201 already exists
Row 466 - NOK-Product SH02201 already exists
Row 467 - NOK-Product SH02901 already exists
Row 468 - NOK-Product SH03212 already exists
Row 469 - NOK-Product SH03801 already exists
Row 470 - NOK-Product SH03801 already exists
Row 471 - NOK-Product SH05620 already exists
Row 472 - NOK-Product SHL2640NCL already exists
Row 473 - NOK-Product SHM3625B already exists
Row 474 - NOK-Product SHM3833N already exists
Row 475 - NOK-Product SHM3841T already exists
Row 476 - NOK-Product RDL16 already exists
Row 477 - NOK-Product RDL44 already exists
Row 478 - NOK-Product RDL52 already exists
Row 479 - NOK-Product RDLS1 already exists
Row 480 - NOK-Product RDMTP2 already exists
Row 481 - NOK-Product RS97513L already exists
Row 482 - NOK-Item number RSP97319L does not exist
Row 483 - NOK-Product SH02403 already exists
Row 484 - NOK-Item number K26YE4SR does not exist
Row 485 - NOK-Product LD20011B already exists
Row 486 - NOK-Product MTB10250N5 already exists
Row 487 - NOK-Product MTB10300W5 already exists
Row 488 - NOK-Product MTB3145N5 already exists
Row 489 - NOK-Product MTB53125N6 already exists
Row 490 - NOK-Product MTM3160N5A already exists
Row 491 - NOK-Product NPPD10011-003A already exists
Row 492 - NOK-Product SH03010 already exists
Row 493 - NOK-Product SH03102M already exists
Row 494 - NOK-Product SH03205 already exists
Row 495 - NOK-Product SH03403 already exists
Row 496 - NOK-Product SH03403 already exists
Row 497 - NOK-Product SH0374560Y already exists
Row 498 - NOK-Product SH04303 already exists
Row 499 - NOK-Product SH04304 already exists
Row 500 - NOK-Product SH02705 already exists
Row 501 - NOK-Product SH02708M already exists
Row 502 - NOK-Product SH02805 already exists
Row 503 - NOK-Product SH03002 already exists
Row 504 - NOK-Product SH03002 already exists
Row 505 - NOK-Product SH03301 already exists
Row 506 - NOK-Product SH03503 already exists
Row 507 - NOK-Product SH03503 already exists
Row 508 - NOK-Product NPPD10011-005A already exists
Row 509 - NOK-Product NPPD10011-009 already exists
Row 510 - NOK-Product NPPD10011-012 already exists
Row 511 - NOK-Product NPPD10011-027 already exists
Row 512 - NOK-Item number RSP97331L does not exist
Row 513 - NOK-Item number RSP97534L does not exist
Row 514 - NOK-Product SH02401 already exists
Row 515 - NOK-Product SH02512 already exists
Row 516 - NOK-Item number RSP97306L does not exist
Row 517 - NOK-Item number RSP97542L does not exist
Row 518 - NOK-Product SH01801 already exists
Row 519 - NOK-Product SH0203630 already exists
Row 520 - NOK-Product SH02402 already exists
Row 521 - NOK-Product SH02402 already exists
Row 522 - NOK-Product SH0244620MA already exists
Row 523 - NOK-Product SH02506 already exists
Row 524 - NOK-Product MTB53125W6 already exists
Row 525 - NOK-Product MTBP3265W3 already exists
Row 526 - NOK-Product MTM5250B6 already exists
Row 527 - NOK-Product MTM5250B6 already exists
Row 528 - NOK-Product RDL01 already exists
Row 529 - NOK-Product RDL23 already exists
Row 530 - NOK-Product RDLIML2 already exists
Row 531 - NOK-Product SH02501 already exists
Row 532 - NOK-Item number RSP97332L does not exist
Row 533 - NOK-Item number RSP97335L does not exist
Row 534 - NOK-Product SH03105 already exists
Row 535 - NOK-Product SH03105 already exists
Row 536 - NOK-Product SH03903 already exists
Row 537 - NOK-Product SH03908 already exists
Row 538 - NOK-Product SH03909 already exists
Row 539 - NOK-Product SH04301 already exists
Row 540 - NOK-Product SHM3925N2 already exists
Row 541 - NOK-Product SS20803 already exists
Row 542 - NOK-Product SS20803 already exists
Row 543 - NOK-Product SS20811 already exists
Row 544 - NOK-Product RDL43 already exists
Row 545 - NOK-Product RDL46 already exists
Row 546 - NOK-Product RDLIML4 already exists
Row 547 - NOK-Status 20 is invalid
Row 548 - NOK-Product SH02505 already exists
Row 549 - NOK-Product SH02601 already exists
Row 550 - NOK-Product SH02902 already exists
Row 551 - NOK-Product SH02902 already exists
Row 552 - NOK-Product SH04315 already exists
Row 553 - NOK-Product SHM3131BM already exists
Row 554 - NOK-Product SHM4831BM already exists
Row 555 - NOK-Product SH03904 already exists
Row 556 - NOK-Product SH03905 already exists
Row 557 - NOK-Product SH03905 already exists
Row 558 - NOK-Product SH03907 already exists
Row 559 - NOK-Product SH04305 already exists
Row 560 - NOK-Product SH04312 already exists
Row 561 - NOK-Product SHL3925B already exists
Row 562 - NOK-Product SHL4225WM already exists
Row 563 - NOK-Product SH03001 already exists
Row 564 - NOK-Product SH03001 already exists
Row 565 - NOK-Product SH03202 already exists
Row 566 - NOK-Product SH03401 already exists
Row 567 - NOK-Product SH0374560R already exists
Row 568 - NOK-Product SH04401 already exists
Row 569 - NOK-Product SH04401 already exists
Row 570 - NOK-Product SH09901 already exists
Row 571 - NOK-Product SH02503 already exists
Row 572 - NOK-Product SH03009 already exists
Row 573 - NOK-Product SH03106M already exists
Row 574 - NOK-Product SH03201 already exists
Row 575 - NOK-Product SH03203 already exists
Row 576 - NOK-Product SH03204 already exists
Row 577 - NOK-Product SH04311 already exists
Row 578 - NOK-Product SH06501 already exists
Row 579 - NOK-Product SH02509 already exists
Row 580 - NOK-Product SH03501 already exists
Row 581 - NOK-Product SH03501 already exists
Row 582 - NOK-Product SH0374560OR already exists
Row 583 - NOK-Product SH04006 already exists
Row 584 - NOK-Product SH06502 already exists
Row 585 - NOK-Product SHM3931B already exists
Row 586 - NOK-Product SHM4225B already exists
Row 587 - NOK-Product SH0203630M already exists
Row 588 - NOK-Product SH02202 already exists
Row 589 - NOK-Product SH02202 already exists
Row 590 - NOK-Product SH0244620A already exists
Row 591 - NOK-Product SH02502 already exists
Row 592 - NOK-Product SH02502 already exists
Row 593 - NOK-Product SH02707 already exists
Row 594 - NOK-Product SH02708 already exists
Row 595 - NOK-Product SH06801 already exists
Row 596 - NOK-Product SH06801 already exists
Row 597 - NOK-Product SHL4225BM already exists
Row 598 - NOK-Product SHM3641W already exists
Row 599 - NOK-Product SHM3925N already exists
Row 600 - NOK-Product SHM4531B already exists
Row 601 - NOK-Product SHM4531BM already exists
Row 602 - NOK-Product SHP2640N already exists
Row 603 - NOK-Product SH03006 already exists
Row 604 - NOK-Product SH03006 already exists
Row 605 - NOK-Product SH0306858 already exists
Row 606 - NOK-Product SH03302 already exists
Row 607 - NOK-Product SH04002 already exists
Row 608 - NOK-Product SHC3131B already exists
Row 609 - NOK-Product SHL3625BM already exists
Row 610 - NOK-Product SHL4231WM already exists
Row 611 - NOK-Product NPPD10011-004A already exists
Row 612 - NOK-Product RDL45 already exists
Row 613 - NOK-Product RDLIML3 already exists
Row 614 - NOK-Product RS97517L already exists
Row 615 - NOK-Product SH02602 already exists
Row 616 - NOK-Product SH02804 already exists
Row 617 - NOK-Product SH02905 already exists
Row 618 - NOK-Product SH02905 already exists
Row 619 - NOK-Product SHL4231W already exists
Row 620 - NOK-Product SS27501 already exists
Row 621 - NOK-Product SH09901 already exists
Row 622 - NOK-Product SH09901 already exists
Row 623 - NOK-Product SHL3131WM already exists
Row 624 - NOK-Product SHL3625B already exists
Row 625 - NOK-Product SHL4825B already exists
Row 626 - NOK-Product SHM3641T already exists
Row 627 - NOK-Product SS20804 already exists
Row 628 - NOK-Product SS20804 already exists
Row 629 - NOK-Product SH06503 already exists
Row 630 - NOK-Product SHL2640B already exists
Row 631 - NOK-Product SHL3131W already exists
Row 632 - NOK-Product SHL3631B already exists
Row 633 - NOK-Product SHL3925BM already exists
Row 634 - NOK-Product SHL3925WM already exists
Row 635 - NOK-Product SHL4225B already exists
Row 636 - NOK-Product SHL4231B already exists
Row 637 - NOK-Product SH02501 already exists
Row 638 - NOK-Product SH02510 already exists
Row 639 - NOK-Product SH03007 already exists
Row 640 - NOK-Product SH03007 already exists
Row 641 - NOK-Product SH03502 already exists
Row 642 - NOK-Product SH03701 already exists
Row 643 - NOK-Product SH0374560OW already exists
Row 644 - NOK-Product SH0374560P already exists
Row 645 - NOK-Product SHM4525BM already exists
Row 646 - NOK-Product SH02801 already exists
Row 647 - NOK-Product SH02803 already exists
Row 648 - NOK-Product SH02906 already exists
Row 649 - NOK-Product SH03105M already exists
Row 650 - NOK-Product SH03405 already exists
Row 651 - NOK-Product SHL2640N already exists
Row 652 - NOK-Product SHL4225W already exists
Row 653 - NOK-Product SHM3131B already exists
Row 654 - NOK-Product SHM3631B already exists
Row 655 - NOK-Product SHM3833W already exists
Row 656 - NOK-Product TR001 already exists
Row 657 - NOK-Product SLP11810 already exists
Row 658 - NOK-Product SS20802 already exists
Row 659 - NOK-Product SH02907 already exists
Row 660 - NOK-Product SH03008 already exists
Row 661 - NOK-Product SH03404 already exists
Row 662 - NOK-Product SH04302 already exists
Row 663 - NOK-Product SH09901LM already exists
Row 664 - NOK-Product SHM4231BM already exists
Row 665 - NOK-Product SHQ2001 already exists
Row 666 - NOK-Product SS24002 already exists
Row 667 - NOK-Product SH03004 already exists
Row 668 - NOK-Product SH03101 already exists
Row 669 - NOK-Product SH03101 already exists
Row 670 - NOK-Product SH03402 already exists
Row 671 - NOK-Product SH03402 already exists
Row 672 - NOK-Product SH03803 already exists
Row 673 - NOK-Product SH03803 already exists
Row 674 - NOK-Product SH03901 already exists
Row 675 - NOK-Product SH03901 already exists
Row 676 - NOK-Product SH03906 already exists
Row 677 - NOK-Product SH03906 already exists
Row 678 - NOK-Product SH04320 already exists
Row 679 - NOK-Product SH06802 already exists
Row 680 - NOK-Product SHL3925W already exists
Row 681 - NOK-Product SHL3931B already exists
Row 682 - NOK-Product SHM3125B2 already exists
Row 683 - NOK-Product SHL4231BM already exists
Row 684 - NOK-Product SHM3925NM already exists
Row 685 - NOK-Product SHM4231B already exists
Row 686 - NOK-Product SS24001 already exists
Row 687 - NOK-Product SS24004 already exists
Row 688 - NOK-Product SH03902 already exists
Row 689 - NOK-Product SHL3931BM already exists
Row 690 - NOK-Product SHL3931W already exists
Row 691 - NOK-Product SHL4825BM already exists
Row 692 - NOK-Product SHM3125B already exists
Row 693 - NOK-Product SHM3625BM already exists
Row 694 - NOK-Product SS24003 already exists
Row 695 - NOK-Product SHM4225BM already exists
Row 696 - NOK-Product SHM3841W already exists
Row 697 - NOK-Product SHM3931W already exists
Row 698 - NOK-Product SS20801 already exists
Row 699 - NOK-Product SS20801 already exists
Row 700 - NOK-Product SS21001 already exists
