
====================================================================================================================================
API_PDS001MI_AddFeature	2026-03-20 4:05:57 PM   / Default UI Settings:  CONO: 100 /DIV: ---
====================================================================================================================================
Row 44 - NOK-Product K26SI7SR does not exist
Row 45 - NOK-Product K26SI7SR does not exist
Row 46 - NOK-Product K26SI7SR does not exist
Row 47 - NOK-Product K26SI7SR does not exist
Row 48 - NOK-Product K26SI7SR does not exist
Row 49 - NOK-Product K26SI7SR does not exist
Row 50 - NOK-Product K26SI7SR does not exist
Row 51 - NOK-Product K26SI7SR does not exist
Row 52 - NOK-Product K26SI7SR does not exist
Row 53 - NOK-Product K26SI7SR does not exist
Row 54 - NOK-Product K26SI7SR does not exist
Row 55 - NOK-Product K26SI7SR does not exist
Row 56 - NOK-Product K26SI7SR does not exist
Row 57 - NOK-Product K26SI7SR does not exist
Row 58 - NOK-Product K26SI7SR does not exist
Row 59 - NOK-Product K26SI7SR does not exist
Row 60 - NOK-Product K26SI7SR does not exist
Row 61 - NOK-Product K26SI7SR does not exist
Row 62 - NOK-Product K26SI7SR does not exist
Row 63 - NOK-Product K26Y10 does not exist
Row 64 - NOK-Product K26Y10 does not exist
Row 65 - NOK-Product K26Y10 does not exist
Row 66 - NOK-Product K26Y10 does not exist
Row 67 - NOK-Product K26Y10 does not exist
Row 68 - NOK-Product K26Y10 does not exist
Row 69 - NOK-Product K26Y10 does not exist
Row 70 - NOK-Product K26Y10 does not exist
Row 71 - NOK-Product K26Y10 does not exist
Row 72 - NOK-Product K26Y10 does not exist
Row 73 - NOK-Product K26Y10 does not exist
Row 74 - NOK-Product K26Y10 does not exist
Row 75 - NOK-Product K26Y10 does not exist
Row 76 - NOK-Product K26Y10 does not exist
Row 77 - NOK-Product K26Y10 does not exist
Row 78 - NOK-Product K26Y10 does not exist
Row 79 - NOK-Product K26Y10 does not exist
Row 80 - NOK-Product K26Y10 does not exist
Row 81 - NOK-Product K26Y10 does not exist
Row 82 - NOK-Product K26Y10 does not exist
Row 83 - NOK-Product K26Y10 does not exist
Row 124 - NOK-Product K26YE4SR does not exist
Row 125 - NOK-Product K26YE4SR does not exist
Row 126 - NOK-Product K26YE4SR does not exist
Row 127 - NOK-Product K26YE4SR does not exist
Row 128 - NOK-Product K26YE4SR does not exist
Row 129 - NOK-Product K26YE4SR does not exist
Row 130 - NOK-Product K26YE4SR does not exist
Row 131 - NOK-Product K26YE4SR does not exist
Row 132 - NOK-Product K26YE4SR does not exist
Row 133 - NOK-Product K26YE4SR does not exist
Row 134 - NOK-Product K26YE4SR does not exist
Row 135 - NOK-Product K26YE4SR does not exist
Row 136 - NOK-Product K26YZ6 does not exist
Row 137 - NOK-Product K26YZ6 does not exist
Row 138 - NOK-Product K26YZ6 does not exist
Row 139 - NOK-Product K26YZ6 does not exist
Row 140 - NOK-Product K26YZ6 does not exist
Row 141 - NOK-Product K26YZ6 does not exist
Row 142 - NOK-Product K26YZ6 does not exist
Row 143 - NOK-Product K26YZ6 does not exist
Row 117 - NOK-Product K26YE4SR does not exist
Row 118 - NOK-Product K26YE4SR does not exist
Row 119 - NOK-Product K26YE4SR does not exist
Row 120 - NOK-Product K26YE4SR does not exist
Row 121 - NOK-Product K26YE4SR does not exist
Row 122 - NOK-Product K26YE4SR does not exist
Row 123 - NOK-Product K26YE4SR does not exist
Row 9 - NOK-Feature KCASE does not exist
Row 84 - NOK-Product K26Y10 does not exist
Row 85 - NOK-Product K26Y10 does not exist
Row 86 - NOK-Product K26Y10 does not exist
Row 87 - NOK-Product K26Y10 does not exist
Row 88 - NOK-Product K26Y10 does not exist
Row 89 - NOK-Product K26Y10 does not exist
Row 144 - NOK-Product K26YZ6 does not exist
Row 145 - NOK-Product K26YZ6 does not exist
Row 146 - NOK-Product K26YZ6 does not exist
Row 147 - NOK-Product K26YZ6 does not exist
Row 148 - NOK-Product K26YZ6 does not exist
Row 149 - NOK-Product K26YZ6 does not exist
Row 150 - NOK-Product K26YZ6 does not exist
Row 151 - NOK-Product K26YZ6 does not exist
Row 152 - NOK-Product K26YZ6 does not exist
Row 153 - NOK-Product K26YZ6 does not exist
Row 154 - NOK-Product K26YZ6 does not exist
Row 155 - NOK-Product K26YZ6 does not exist
Row 156 - NOK-Product K26YZ6 does not exist
Row 157 - NOK-Product K26YZ6 does not exist
Row 158 - NOK-Product K26YZ6 does not exist
Row 159 - NOK-Product K26YZ6 does not exist
Row 160 - NOK-Product K26YZ6 does not exist
Row 161 - NOK-Product K26YZ6 does not exist
Row 162 - NOK-Product K26YZ6 does not exist
