
====================================================================================================================================
API_MMS053MI_AddItemConnPkg	2025-12-04 10:10:54 AM   / Default UI Settings:  CONO: 600 /DIV: ---
====================================================================================================================================
Row 4 - NOK-Item number AD06013 does not exist
Row 5 - NOK-Item number AD06036 does not exist
Row 6 - NOK-Item number AF05018-117213 does not exist
Row 7 - NOK-Item number AF06033-136021 does not exist
Row 8 - NOK-Item number CH01017E does not exist
Row 9 - NOK-Item number CH01049E does not exist
Row 10 - NOK-Item number CH03037E does not exist
Row 11 - NOK-Item number CPK15011C does not exist
Row 13 - NOK-Item number CR30105 does not exist
Row 14 - NOK-Item number DP15009 does not exist
Row 15 - NOK-Item number FL008015-0940 does not exist
Row 16 - NOK-Item number FL008015-1205 does not exist
Row 17 - NOK-Item number FL008015-1450 does not exist
Row 18 - NOK-Item number FL010011-0890 does not exist
Row 19 - NOK-Item number FL010011-1285 does not exist
Row 20 - NOK-Item number HDF13MPCHE-1352 does not exist
Row 21 - NOK-Item number HDF13MPCHS-0441 does not exist
Row 22 - NOK-Item number HLT195P-CDW249 does not exist
Row 23 - NOK-Item number HLT195P-CDW250 does not exist
Row 24 - NOK-Item number HLT195PL-CDW249 does not exist
Row 25 - NOK-Item number HLT195PL-CDW250 does not exist
Row 26 - NOK-Item number HMF164-WFP066D does not exist
Row 27 - NOK-Item number HMF164-WFP072D does not exist
Row 28 - NOK-Item number HMF164-WFP074D does not exist
Row 29 - NOK-Item number HMF164P-WFP066D does not exist
Row 30 - NOK-Item number HMF164P-WFP072D does not exist
Row 31 - NOK-Item number HMF164P-WFP074D does not exist
Row 43 - NOK-Item number LD07011 does not exist
Row 44 - NOK-Item number MTB3160W5A does not exist
Row 45 - NOK-Item number MTB3200W5 does not exist
Row 46 - NOK-Item number MTBP3200W3 does not exist
Row 47 - NOK-Item number N03HC9-1862401 does not exist
Row 48 - NOK-Item number N03HP3-1862401 does not exist
Row 49 - NOK-Item number N03HW1-2199501 does not exist
Row 50 - NOK-Item number N03Q44-2445913 does not exist
Row 51 - NOK-Item number N03Q47-1218504 does not exist
Row 52 - NOK-Item number N03Q47-1218505 does not exist
Row 53 - NOK-Item number N03Q47-2615401 does not exist
Row 54 - NOK-Item number N04H40-168437D does not exist
Row 55 - NOK-Item number N04H40-168437E does not exist
Row 56 - NOK-Item number N04K02-129174A does not exist
Row 57 - NOK-Item number N04K73-12919O5 does not exist
Row 58 - NOK-Item number N04K73-12919O6 does not exist
Row 59 - NOK-Item number N04KN5-13849JA does not exist
Row 60 - NOK-Item number N04KN5-13849JB does not exist
Row 61 - NOK-Item number N04KN5-13849JC does not exist
Row 62 - NOK-Item number N04KN5-13849JD does not exist
Row 63 - NOK-Item number N07TK5-1024302 does not exist
Row 64 - NOK-Item number NADX023-1 does not exist
Row 65 - NOK-Item number NF1076-1185N does not exist
Row 66 - NOK-Item number NF1153-1290N does not exist
Row 67 - NOK-Item number NF1208-1290N does not exist
Row 68 - NOK-Item number NF1208-1430N does not exist
Row 69 - NOK-Item number NF1256-0870N does not exist
Row 70 - NOK-Item number NF1256-0945N does not exist
Row 71 - NOK-Item number NF1684-0945N does not exist
Row 72 - NOK-Item number NF1835-1430N does not exist
Row 73 - NOK-Item number NF2301-129174A does not exist
Row 74 - NOK-Item number NF2301-12919O5 does not exist
Row 75 - NOK-Item number NF2301-12919O56 does not exist
Row 76 - NOK-Item number NF2301-12919O6 does not exist
Row 77 - NOK-Item number NF2301-138495X does not exist
Row 78 - NOK-Item number NF2305-168437D does not exist
Row 79 - NOK-Item number NF2305-168437E does not exist
Row 80 - NOK-Item number NL1HC9-0930N does not exist
Row 81 - NOK-Item number NL1HP3-1415N does not exist
Row 82 - NOK-Item number NL1HW1-1415N does not exist
Row 83 - NOK-Item number NL1Q23-3170F does not exist
Row 84 - NOK-Item number NL1Q26-1900F does not exist
Row 85 - NOK-Item number NL1Q26-1965F does not exist
Row 86 - NOK-Item number NL1Q26-3285F does not exist
Row 87 - NOK-Item number NL2H40-168437D does not exist
Row 88 - NOK-Item number NL2H40-168437E does not exist
Row 89 - NOK-Item number NL2K02-129174A does not exist
Row 90 - NOK-Item number NL2K34-138495X does not exist
Row 91 - NOK-Item number NL2K73-12919O5 does not exist
Row 92 - NOK-Item number NL2K73-12919O56 does not exist
Row 93 - NOK-Item number NL2K73-12919O6 does not exist
Row 94 - NOK-Item number NPHINK-001 does not exist
Row 95 - NOK-Item number NPHINK-002 does not exist
Row 96 - NOK-Item number NPHINK-003 does not exist
Row 97 - NOK-Item number NPHINK-004 does not exist
Row 98 - NOK-Item number NPHINK-007 does not exist
Row 99 - NOK-Item number NPHINK-009 does not exist
Row 100 - NOK-Item number NS5T73-127180 does not exist
Row 101 - NOK-Item number NS5T73-155205 does not exist
Row 102 - NOK-Item number NS5T73-155215 does not exist
Row 103 - NOK-Item number NS5T73-155255 does not exist
Row 104 - NOK-Item number NS5T73-155305 does not exist
Row 105 - NOK-Item number NW2K34-138495X does not exist
Row 106 - NOK-Item number NX011001-02125 does not exist
Row 107 - NOK-Item number NX011001-03655 does not exist
Row 108 - NOK-Item number NX013001-00395 does not exist
Row 109 - NOK-Item number NX013001-00620 does not exist
Row 110 - NOK-Item number NX013001-02100 does not exist
Row 111 - NOK-Item number NX013001-02755 does not exist
Row 112 - NOK-Item number NX013001-03909 does not exist
Row 113 - NOK-Item number NX013001-04700 does not exist
Row 114 - NOK-Item number NX013001B-00575 does not exist
Row 115 - NOK-Item number NX033001-00400 does not exist
Row 116 - NOK-Item number NX033001-00640 does not exist
Row 117 - NOK-Item number NX033001-02495 does not exist
Row 118 - NOK-Item number NX033001-04080 does not exist
Row 119 - NOK-Item number NX033001-05270 does not exist
Row 120 - NOK-Item number NX051001-00775 does not exist
Row 121 - NOK-Item number NX051003-00765 does not exist
Row 122 - NOK-Item number NX052001-01265 does not exist
Row 123 - NOK-Item number NX052001-02010 does not exist
Row 124 - NOK-Item number NX052003-00305 does not exist
Row 125 - NOK-Item number NX052003-01205 does not exist
Row 126 - NOK-Item number NX052018-03385 does not exist
Row 127 - NOK-Item number NX052018-05880 does not exist
Row 128 - NOK-Item number NX052018-NCAP does not exist
Row 129 - NOK-Item number NX101001-02575 does not exist
Row 130 - NOK-Item number NX101001-03900 does not exist
Row 131 - NOK-Item number NX103001-00200 does not exist
Row 132 - NOK-Item number NX110002-00400 does not exist
Row 133 - NOK-Item number NX110002-00450 does not exist
Row 134 - NOK-Item number NX110002-00500 does not exist
Row 135 - NOK-Item number NX110005-00460 does not exist
Row 136 - NOK-Item number NX110005-00620 does not exist
Row 137 - NOK-Item number NX121001-00605 does not exist
Row 138 - NOK-Item number NX121015-00695 does not exist
Row 139 - NOK-Item number NX121015-00845 does not exist
Row 140 - NOK-Item number NX131003-00075 does not exist
Row 141 - NOK-Item number NX201002-00005 does not exist
Row 142 - NOK-Item number NX201002-00010 does not exist
Row 143 - NOK-Item number NX201002-00015 does not exist
Row 144 - NOK-Item number NX201002-00095 does not exist
Row 145 - NOK-Item number NX202001-00065 does not exist
Row 146 - NOK-Item number NX202001-00100 does not exist
Row 147 - NOK-Item number NX202003-00005 does not exist
Row 148 - NOK-Item number NX202003-00015 does not exist
Row 149 - NOK-Item number NX202003-00020 does not exist
Row 150 - NOK-Item number NX202003-00025 does not exist
Row 151 - NOK-Item number NX202003-00035 does not exist
Row 152 - NOK-Item number NX202003-00055 does not exist
Row 153 - NOK-Item number NX202009-00030 does not exist
Row 154 - NOK-Item number NX204001-00310 does not exist
Row 155 - NOK-Item number NX204006-00180 does not exist
Row 156 - NOK-Item number NX204006-00195 does not exist
Row 157 - NOK-Item number NX209010-00175 does not exist
Row 158 - NOK-Item number NX209019-00010 does not exist
Row 159 - NOK-Item number NX209019-00015 does not exist
Row 160 - NOK-Item number NX209019-00020 does not exist
Row 161 - NOK-Item number NX209019-00025 does not exist
Row 162 - NOK-Item number NX209019-00030 does not exist
Row 163 - NOK-Item number PA02040-1175 does not exist
Row 165 - NOK-Item number PK01D-RX1-B does not exist
Row 166 - NOK-Item number PK01D-RX1-B does not exist
Row 167 - NOK-Item number PK01D-RX1-T does not exist
Row 168 - NOK-Item number PK01D-RX1-T does not exist
Row 169 - NOK-Item number PK01D-RX3-B does not exist
Row 170 - NOK-Item number PK01D-RX3-T does not exist
Row 171 - NOK-Item number PK02102 does not exist
Row 183 - NOK-Item number PK02755L does not exist
Row 184 - NOK-Item number PK02H0201 does not exist
Row 185 - NOK-Item number PK040247 does not exist
Row 186 - NOK-Item number PK040252 does not exist
Row 187 - NOK-Item number PK040256 does not exist
Row 188 - NOK-Item number PK04H0201 does not exist
Row 191 - NOK-Item number PK07003 does not exist
Row 195 - NOK-The entered value is too large
Row 199 - NOK-Item number PK07H0209 does not exist
Row 200 - NOK-Item number PK080272 does not exist
Row 201 - NOK-Item number PK080272R does not exist
Row 202 - NOK-Item number PK080307 does not exist
Row 203 - NOK-Item number PK080308 does not exist
Row 204 - NOK-Item number PK080537 does not exist
Row 205 - NOK-Item number PK08D-3A does not exist
Row 206 - NOK-Item number PK08D-6A does not exist
Row 207 - NOK-Item number PK090201 does not exist
Row 208 - NOK-Item number PK090202 does not exist
Row 209 - NOK-Item number RS01101L does not exist
Row 210 - NOK-Item number RS01108L does not exist
Row 211 - NOK-Item number RS01308L does not exist
Row 212 - NOK-Item number RS01308LB does not exist
Row 213 - NOK-Item number RS02205L does not exist
Row 214 - NOK-Item number RS02214L does not exist
Row 215 - NOK-Item number RS02218L does not exist
Row 216 - NOK-Item number RS03304L does not exist
Row 218 - NOK-Item number RS05101L does not exist
Row 219 - NOK-Item number RS05103L does not exist
Row 220 - NOK-Item number RS05201L does not exist
Row 221 - NOK-Item number RS05208L does not exist
Row 222 - NOK-Item number RS05229L does not exist
Row 223 - NOK-Item number RS06226L does not exist
Row 231 - NOK-Item number RS09203L does not exist
Row 234 - NOK-Item number RS10117L does not exist
Row 235 - NOK-Item number RS10301L does not exist
Row 236 - NOK-Item number RS11007L does not exist
Row 237 - NOK-Item number RS11009L does not exist
Row 242 - NOK-Item number RS12109L does not exist
Row 243 - NOK-Item number RS12132L does not exist
Row 246 - NOK-Item number RS13102L does not exist
Row 247 - NOK-Item number RS17101L does not exist
Row 248 - NOK-Item number RS20112L does not exist
Row 249 - NOK-Item number RS20208L does not exist
Row 250 - NOK-Item number RS20210L does not exist
Row 251 - NOK-Item number RS20217L does not exist
Row 252 - NOK-Item number RS20317L does not exist
Row 253 - NOK-Item number RS20329L does not exist
Row 255 - NOK-Item number RS20464L does not exist
Row 256 - NOK-Item number RS20498L does not exist
Row 258 - NOK-Item number RS20540L does not exist
Row 259 - NOK-The entered value is too large
Row 260 - NOK-Item number RS20922L does not exist
Row 261 - NOK-Item number RS20974L does not exist
Row 264 - NOK-Item number RS97112L does not exist
Row 265 - NOK-Item number RS97113L does not exist
Row 268 - NOK-Item number RS97120L does not exist
Row 272 - NOK-Item number RS97302L does not exist
Row 274 - NOK-Item number RS97309L does not exist
Row 277 - NOK-Item number RS97555L does not exist
Row 291 - NOK-Item number RS99905L does not exist
Row 293 - NOK-Item number RSP97309L does not exist
Row 295 - NOK-Item number SV01001 does not exist
Row 296 - NOK-Item number SV13001 does not exist
Row 297 - NOK-Item number SV32001 does not exist
Row 298 - NOK-Item number V10PL-1943DO114 does not exist
Row 299 - NOK-Item number V10PL-1962DOVDI does not exist
Row 300 - NOK-Item number V10PL-2127DO114 does not exist
Row 301 - NOK-Item number VA10RMT00D-0969 does not exist

====================================================================================================================================
API_MMS053MI_AddItemConnPkg	2025-12-04 10:47:13 AM   / Default UI Settings:  CONO: 100 /DIV: ---
====================================================================================================================================
Row 4 - NOK-Item number AD06013 does not exist
Row 5 - NOK-Item number AD06036 does not exist
Row 6 - NOK-Item number AF05018-117213 does not exist
Row 7 - NOK-Item number AF06033-136021 does not exist
Row 8 - NOK-Item number CH01017E does not exist
Row 9 - NOK-Item number CH01049E does not exist
Row 10 - NOK-Item number CH03037E does not exist
Row 11 - NOK-Item number CPK15011C does not exist
Row 13 - NOK-Item number CR30105 does not exist
Row 14 - NOK-Item number DP15009 does not exist
Row 15 - NOK-Item number FL008015-0940 does not exist
Row 16 - NOK-Item number FL008015-1205 does not exist
Row 17 - NOK-Item number FL008015-1450 does not exist
Row 18 - NOK-Item number FL010011-0890 does not exist
Row 19 - NOK-Item number FL010011-1285 does not exist
Row 20 - NOK-Item number HDF13MPCHE-1352 does not exist
Row 21 - NOK-Item number HDF13MPCHS-0441 does not exist
Row 22 - NOK-Item number HLT195P-CDW249 does not exist
Row 23 - NOK-Item number HLT195P-CDW250 does not exist
Row 24 - NOK-Item number HLT195PL-CDW249 does not exist
Row 25 - NOK-Item number HLT195PL-CDW250 does not exist
Row 26 - NOK-Item number HMF164-WFP066D does not exist
Row 27 - NOK-Item number HMF164-WFP072D does not exist
Row 28 - NOK-Item number HMF164-WFP074D does not exist
Row 29 - NOK-Item number HMF164P-WFP066D does not exist
Row 30 - NOK-Item number HMF164P-WFP072D does not exist
Row 31 - NOK-Item number HMF164P-WFP074D does not exist
Row 43 - NOK-Item number LD07011 does not exist
Row 44 - NOK-Item number MTB3160W5A does not exist
Row 45 - NOK-Item number MTB3200W5 does not exist
Row 46 - NOK-Item number MTBP3200W3 does not exist
Row 47 - NOK-Item number N03HC9-1862401 does not exist
Row 48 - NOK-Item number N03HP3-1862401 does not exist
Row 49 - NOK-Item number N03HW1-2199501 does not exist
Row 50 - NOK-Item number N03Q44-2445913 does not exist
Row 51 - NOK-Item number N03Q47-1218504 does not exist
Row 52 - NOK-Item number N03Q47-1218505 does not exist
Row 53 - NOK-Item number N03Q47-2615401 does not exist
Row 54 - NOK-Item number N04H40-168437D does not exist
Row 55 - NOK-Item number N04H40-168437E does not exist
Row 56 - NOK-Item number N04K02-129174A does not exist
Row 57 - NOK-Item number N04K73-12919O5 does not exist
Row 58 - NOK-Item number N04K73-12919O6 does not exist
Row 59 - NOK-Item number N04KN5-13849JA does not exist
Row 60 - NOK-Item number N04KN5-13849JB does not exist
Row 61 - NOK-Item number N04KN5-13849JC does not exist
Row 62 - NOK-Item number N04KN5-13849JD does not exist
Row 63 - NOK-Item number N07TK5-1024302 does not exist
Row 64 - NOK-Item number NADX023-1 does not exist
Row 65 - NOK-Item number NF1076-1185N does not exist
Row 66 - NOK-Item number NF1153-1290N does not exist
Row 67 - NOK-Item number NF1208-1290N does not exist
Row 68 - NOK-Item number NF1208-1430N does not exist
Row 69 - NOK-Item number NF1256-0870N does not exist
Row 70 - NOK-Item number NF1256-0945N does not exist
Row 71 - NOK-Item number NF1684-0945N does not exist
Row 72 - NOK-Item number NF1835-1430N does not exist
Row 73 - NOK-Item number NF2301-129174A does not exist
Row 74 - NOK-Item number NF2301-12919O5 does not exist
Row 75 - NOK-Item number NF2301-12919O56 does not exist
Row 76 - NOK-Item number NF2301-12919O6 does not exist
Row 77 - NOK-Item number NF2301-138495X does not exist
Row 78 - NOK-Item number NF2305-168437D does not exist
Row 79 - NOK-Item number NF2305-168437E does not exist
Row 80 - NOK-Item number NL1HC9-0930N does not exist
Row 81 - NOK-Item number NL1HP3-1415N does not exist
Row 82 - NOK-Item number NL1HW1-1415N does not exist
Row 83 - NOK-Item number NL1Q23-3170F does not exist
Row 84 - NOK-Item number NL1Q26-1900F does not exist
Row 85 - NOK-Item number NL1Q26-1965F does not exist
Row 86 - NOK-Item number NL1Q26-3285F does not exist
Row 87 - NOK-Item number NL2H40-168437D does not exist
Row 88 - NOK-Item number NL2H40-168437E does not exist
Row 89 - NOK-Item number NL2K02-129174A does not exist
Row 90 - NOK-Item number NL2K34-138495X does not exist
Row 91 - NOK-Item number NL2K73-12919O5 does not exist
Row 92 - NOK-Item number NL2K73-12919O56 does not exist
Row 93 - NOK-Item number NL2K73-12919O6 does not exist
Row 94 - NOK-Item number NPHINK-001 does not exist
Row 95 - NOK-Item number NPHINK-002 does not exist
Row 96 - NOK-Item number NPHINK-003 does not exist
Row 97 - NOK-Item number NPHINK-004 does not exist
Row 98 - NOK-Item number NPHINK-007 does not exist
Row 99 - NOK-Item number NPHINK-009 does not exist
Row 100 - NOK-Item number NS5T73-127180 does not exist
Row 101 - NOK-Item number NS5T73-155205 does not exist
Row 102 - NOK-Item number NS5T73-155215 does not exist
Row 103 - NOK-Item number NS5T73-155255 does not exist
Row 104 - NOK-Item number NS5T73-155305 does not exist
Row 105 - NOK-Item number NW2K34-138495X does not exist
Row 106 - NOK-Item number NX011001-02125 does not exist
Row 107 - NOK-Item number NX011001-03655 does not exist
Row 108 - NOK-Item number NX013001-00395 does not exist
Row 109 - NOK-Item number NX013001-00620 does not exist
Row 110 - NOK-Item number NX013001-02100 does not exist
Row 111 - NOK-Item number NX013001-02755 does not exist
Row 112 - NOK-Item number NX013001-03909 does not exist
Row 113 - NOK-Item number NX013001-04700 does not exist
Row 114 - NOK-Item number NX013001B-00575 does not exist
Row 115 - NOK-Item number NX033001-00400 does not exist
Row 116 - NOK-Item number NX033001-00640 does not exist
Row 117 - NOK-Item number NX033001-02495 does not exist
Row 118 - NOK-Item number NX033001-04080 does not exist
Row 119 - NOK-Item number NX033001-05270 does not exist
Row 120 - NOK-Item number NX051001-00775 does not exist
Row 121 - NOK-Item number NX051003-00765 does not exist
Row 122 - NOK-Item number NX052001-01265 does not exist
Row 123 - NOK-Item number NX052001-02010 does not exist
Row 124 - NOK-Item number NX052003-00305 does not exist
Row 125 - NOK-Item number NX052003-01205 does not exist
Row 126 - NOK-Item number NX052018-03385 does not exist
Row 127 - NOK-Item number NX052018-05880 does not exist
Row 128 - NOK-Item number NX052018-NCAP does not exist
Row 129 - NOK-Item number NX101001-02575 does not exist
Row 130 - NOK-Item number NX101001-03900 does not exist
Row 131 - NOK-Item number NX103001-00200 does not exist
Row 132 - NOK-Item number NX110002-00400 does not exist
Row 133 - NOK-Item number NX110002-00450 does not exist
Row 134 - NOK-Item number NX110002-00500 does not exist
Row 135 - NOK-Item number NX110005-00460 does not exist
Row 136 - NOK-Item number NX110005-00620 does not exist
Row 137 - NOK-Item number NX121001-00605 does not exist
Row 138 - NOK-Item number NX121015-00695 does not exist
Row 139 - NOK-Item number NX121015-00845 does not exist
Row 140 - NOK-Item number NX131003-00075 does not exist
Row 141 - NOK-Item number NX201002-00005 does not exist
Row 142 - NOK-Item number NX201002-00010 does not exist
Row 143 - NOK-Item number NX201002-00015 does not exist
Row 144 - NOK-Item number NX201002-00095 does not exist
Row 145 - NOK-Item number NX202001-00065 does not exist
Row 146 - NOK-Item number NX202001-00100 does not exist
Row 147 - NOK-Item number NX202003-00005 does not exist
Row 148 - NOK-Item number NX202003-00015 does not exist
Row 149 - NOK-Item number NX202003-00020 does not exist
Row 150 - NOK-Item number NX202003-00025 does not exist
Row 151 - NOK-Item number NX202003-00035 does not exist
Row 152 - NOK-Item number NX202003-00055 does not exist
Row 153 - NOK-Item number NX202009-00030 does not exist
Row 154 - NOK-Item number NX204001-00310 does not exist
Row 155 - NOK-Item number NX204006-00180 does not exist
Row 156 - NOK-Item number NX204006-00195 does not exist
Row 157 - NOK-Item number NX209010-00175 does not exist
Row 158 - NOK-Item number NX209019-00010 does not exist
Row 159 - NOK-Item number NX209019-00015 does not exist
Row 160 - NOK-Item number NX209019-00020 does not exist
Row 161 - NOK-Item number NX209019-00025 does not exist
Row 162 - NOK-Item number NX209019-00030 does not exist
Row 163 - NOK-Item number PA02040-1175 does not exist
Row 165 - NOK-Item number PK01D-RX1-B does not exist
Row 166 - NOK-Item number PK01D-RX1-B does not exist
Row 167 - NOK-Item number PK01D-RX1-T does not exist
Row 168 - NOK-Item number PK01D-RX1-T does not exist
Row 169 - NOK-Item number PK01D-RX3-B does not exist
Row 170 - NOK-Item number PK01D-RX3-T does not exist
Row 171 - NOK-Item number PK02102 does not exist
Row 183 - NOK-Item number PK02755L does not exist
Row 184 - NOK-Item number PK02H0201 does not exist
Row 185 - NOK-Item number PK040247 does not exist
Row 186 - NOK-Item number PK040252 does not exist
Row 187 - NOK-Item number PK040256 does not exist
Row 188 - NOK-Item number PK04H0201 does not exist
Row 191 - NOK-Item number PK07003 does not exist
Row 195 - NOK-The entered value is too large
Row 199 - NOK-Item number PK07H0209 does not exist
Row 200 - NOK-Item number PK080272 does not exist
Row 201 - NOK-Item number PK080272R does not exist
Row 202 - NOK-Item number PK080307 does not exist
Row 203 - NOK-Item number PK080308 does not exist
Row 204 - NOK-Item number PK080537 does not exist
Row 205 - NOK-Item number PK08D-3A does not exist
Row 206 - NOK-Item number PK08D-6A does not exist
Row 207 - NOK-Item number PK090201 does not exist
Row 208 - NOK-Item number PK090202 does not exist
Row 209 - NOK-Item number RS01101L does not exist
Row 210 - NOK-Item number RS01108L does not exist
Row 211 - NOK-Item number RS01308L does not exist
Row 212 - NOK-Item number RS01308LB does not exist
Row 213 - NOK-Item number RS02205L does not exist
Row 214 - NOK-Item number RS02214L does not exist
Row 215 - NOK-Item number RS02218L does not exist
Row 216 - NOK-Item number RS03304L does not exist
Row 218 - NOK-Item number RS05101L does not exist
Row 219 - NOK-Item number RS05103L does not exist
Row 220 - NOK-Item number RS05201L does not exist
Row 221 - NOK-Item number RS05208L does not exist
Row 222 - NOK-Item number RS05229L does not exist
Row 223 - NOK-Item number RS06226L does not exist
Row 231 - NOK-Item number RS09203L does not exist
Row 234 - NOK-Item number RS10117L does not exist
Row 235 - NOK-Item number RS10301L does not exist
Row 236 - NOK-Item number RS11007L does not exist
Row 237 - NOK-Item number RS11009L does not exist
Row 242 - NOK-Item number RS12109L does not exist
Row 243 - NOK-Item number RS12132L does not exist
Row 246 - NOK-Item number RS13102L does not exist
Row 247 - NOK-Item number RS17101L does not exist
Row 248 - NOK-Item number RS20112L does not exist
Row 249 - NOK-Item number RS20208L does not exist
Row 250 - NOK-Item number RS20210L does not exist
Row 251 - NOK-Item number RS20217L does not exist
Row 252 - NOK-Item number RS20317L does not exist
Row 253 - NOK-Item number RS20329L does not exist
Row 255 - NOK-Item number RS20464L does not exist
Row 256 - NOK-Item number RS20498L does not exist
Row 258 - NOK-Item number RS20540L does not exist
Row 259 - NOK-The entered value is too large
Row 260 - NOK-Item number RS20922L does not exist
Row 261 - NOK-Item number RS20974L does not exist
Row 264 - NOK-Item number RS97112L does not exist
Row 265 - NOK-Item number RS97113L does not exist
Row 268 - NOK-Item number RS97120L does not exist
Row 272 - NOK-Item number RS97302L does not exist
Row 274 - NOK-Item number RS97309L does not exist
Row 277 - NOK-Item number RS97555L does not exist
Row 291 - NOK-Item number RS99905L does not exist
Row 293 - NOK-Item number RSP97309L does not exist
Row 295 - NOK-Item number SV01001 does not exist
Row 296 - NOK-Item number SV13001 does not exist
Row 297 - NOK-Item number SV32001 does not exist
Row 298 - NOK-Item number V10PL-1943DO114 does not exist
Row 299 - NOK-Item number V10PL-1962DOVDI does not exist
Row 300 - NOK-Item number V10PL-2127DO114 does not exist
Row 301 - NOK-Item number VA10RMT00D-0969 does not exist
